[debug] [2025-05-09T19:56:28.485Z] ----------------------------------------------------------------------
[debug] [2025-05-09T19:56:28.495Z] Command:       C:\nvm4w\nodejs\node.exe C:\nvm4w\nodejs\node_modules\firebase-tools\lib\bin\firebase.js init
[debug] [2025-05-09T19:56:28.495Z] CLI Version:   14.2.0
[debug] [2025-05-09T19:56:28.495Z] Platform:      win32
[debug] [2025-05-09T19:56:28.495Z] Node Version:  v23.11.0
[debug] [2025-05-09T19:56:28.496Z] Time:          Sat May 10 2025 01:26:28 GMT+0530 (India Standard Time)
[debug] [2025-05-09T19:56:28.496Z] ----------------------------------------------------------------------
[debug] 
[debug] [2025-05-09T19:56:28.532Z] >>> [apiv2][query] GET https://firebase-public.firebaseio.com/cli.json [none]
[debug] [2025-05-09T19:56:28.840Z] > command requires scopes: ["email","openid","https://www.googleapis.com/auth/cloudplatformprojects.readonly","https://www.googleapis.com/auth/firebase","https://www.googleapis.com/auth/cloud-platform"]
[debug] [2025-05-09T19:56:28.841Z] > authorizing via signed-in user (frankmathewsajan@gmail.com)
[info] 
     ######## #### ########  ######## ########     ###     ######  ########
     ##        ##  ##     ## ##       ##     ##  ##   ##  ##       ##
     ######    ##  ########  ######   ########  #########  ######  ######
     ##        ##  ##    ##  ##       ##     ## ##     ##       ## ##
     ##       #### ##     ## ######## ########  ##     ##  ######  ########

You're about to initialize a Firebase project in this directory:

  C:\Users\MagnumOpus\WebstormProjects\buzzlebee

Before we get started, keep in mind:

  * You are initializing within an existing Firebase project directory

[debug] [2025-05-09T19:56:29.731Z] <<< [apiv2][status] GET https://firebase-public.firebaseio.com/cli.json 200
[debug] [2025-05-09T19:56:29.732Z] <<< [apiv2][body] GET https://firebase-public.firebaseio.com/cli.json {"cloudBuildErrorAfter":1594252800000,"cloudBuildWarnAfter":1590019200000,"defaultNode10After":1594252800000,"minVersion":"3.0.5","node8DeploysDisabledAfter":1613390400000,"node8RuntimeDisabledAfter":1615809600000,"node8WarnAfter":1600128000000}
